E:\Dev\Labs\pointcloud\osgPC\osgPC\Release\cl.command.1.tlog
E:\Dev\Labs\pointcloud\osgPC\osgPC\Release\CL.read.1.tlog
E:\Dev\Labs\pointcloud\osgPC\osgPC\Release\CL.write.1.tlog
E:\DEV\LABS\POINTCLOUD\OSGPC\OSGPC\RELEASE\DISPLAYMODENODEVISITOR.OBJ
E:\DEV\LABS\POINTCLOUD\OSGPC\OSGPC\RELEASE\DLLMAIN.OBJ
E:\Dev\Labs\pointcloud\osgPC\osgPC\Release\link.command.1.tlog
E:\Dev\Labs\pointcloud\osgPC\osgPC\Release\link.read.1.tlog
E:\Dev\Labs\pointcloud\osgPC\osgPC\Release\link.write.1.tlog
E:\Dev\Labs\pointcloud\osgPC\osgPC\Release\mt.command.1.tlog
E:\Dev\Labs\pointcloud\osgPC\osgPC\Release\mt.read.1.tlog
E:\Dev\Labs\pointcloud\osgPC\osgPC\Release\mt.write.1.tlog
E:\DEV\LABS\POINTCLOUD\OSGPC\OSGPC\RELEASE\OSGPC.DLL.INTERMEDIATE.MANIFEST
E:\Dev\Labs\pointcloud\osgPC\osgPC\Release\osgPC.obj
E:\DEV\LABS\POINTCLOUD\OSGPC\OSGPC\RELEASE\OSGPC.PCH
E:\Dev\Labs\pointcloud\osgPC\osgPC\Release\osgPC.vcxprojResolveAssemblyReference.cache
E:\Dev\Labs\pointcloud\osgPC\osgPC\Release\osgPC.write.1.tlog
E:\DEV\LABS\POINTCLOUD\OSGPC\OSGPC\RELEASE\POINTCLOUDDRAWABLE.OBJ
E:\DEV\LABS\POINTCLOUD\OSGPC\OSGPC\RELEASE\POINTCLOUDPROTOCAL.OBJ
E:\DEV\LABS\POINTCLOUD\OSGPC\OSGPC\RELEASE\STDAFX.OBJ
E:\DEV\LABS\POINTCLOUD\OSGPC\OSGPC\RELEASE\SWITCHNODEVISITOR.OBJ
E:\DEV\LABS\POINTCLOUD\OSGPC\OSGPC\RELEASE\UTILITY.OBJ
E:\DEV\LABS\POINTCLOUD\OSGPC\OSGPC\RELEASE\VC100.PDB
E:\DEV\LABS\POINTCLOUD\OSGPC\RELEASE\OSGPC.DLL
E:\Dev\Labs\pointcloud\osgPC\Release\osgPC.exp
E:\Dev\Labs\pointcloud\osgPC\Release\osgPC.lib
E:\DEV\LABS\POINTCLOUD\OSGPC\RELEASE\OSGPC.PDB
E:\WORKS\LABS\POINTCLOUD\OSGPC\OSGPC\RELEASE\DISPLAYMODENODEVISITOR.OBJ
E:\WORKS\LABS\POINTCLOUD\OSGPC\OSGPC\RELEASE\DLLMAIN.OBJ
E:\WORKS\LABS\POINTCLOUD\OSGPC\OSGPC\RELEASE\OSGPC.DLL.INTERMEDIATE.MANIFEST
E:\WORKS\LABS\POINTCLOUD\OSGPC\OSGPC\RELEASE\OSGPC.OBJ
E:\WORKS\LABS\POINTCLOUD\OSGPC\OSGPC\RELEASE\OSGPC.PCH
E:\WORKS\LABS\POINTCLOUD\OSGPC\OSGPC\RELEASE\POINTCLOUDDRAWABLE.OBJ
E:\WORKS\LABS\POINTCLOUD\OSGPC\OSGPC\RELEASE\POINTCLOUDPROTOCAL.OBJ
E:\WORKS\LABS\POINTCLOUD\OSGPC\OSGPC\RELEASE\STDAFX.OBJ
E:\WORKS\LABS\POINTCLOUD\OSGPC\OSGPC\RELEASE\UTILITY.OBJ
E:\WORKS\LABS\POINTCLOUD\OSGPC\OSGPC\RELEASE\VC100.PDB
E:\WORKS\LABS\POINTCLOUD\OSGPC\RELEASE\OSGPC.DLL
E:\Works\Labs\pointcloud\osgPC\Release\osgPC.exp
E:\Works\Labs\pointcloud\osgPC\Release\osgPC.lib
E:\WORKS\LABS\POINTCLOUD\OSGPC\RELEASE\OSGPC.PDB
