D:\Project\AIR_SCANER\osgPC\Debug\osgPCd.dll
D:\Project\AIR_SCANER\osgPC\Debug\osgPCd.ilk
D:\Project\AIR_SCANER\osgPC\Debug\osgPCd.pdb
D:\Project\AIR_SCANER\osgPC\osgPC\Debug\cl.command.1.tlog
D:\Project\AIR_SCANER\osgPC\osgPC\Debug\CL.read.1.tlog
D:\Project\AIR_SCANER\osgPC\osgPC\Debug\CL.write.1.tlog
D:\PROJECT\AIR_SCANER\OSGPC\OSGPC\DEBUG\DISPLAYMODENODEVISITOR.OBJ
D:\Project\AIR_SCANER\osgPC\osgPC\Debug\dllmain.obj
D:\Project\AIR_SCANER\osgPC\osgPC\Debug\link.10032.read.1.tlog
D:\Project\AIR_SCANER\osgPC\osgPC\Debug\link.10032.write.1.tlog
D:\Project\AIR_SCANER\osgPC\osgPC\Debug\link.10032-cvtres.read.1.tlog
D:\Project\AIR_SCANER\osgPC\osgPC\Debug\link.10032-cvtres.write.1.tlog
D:\Project\AIR_SCANER\osgPC\osgPC\Debug\link.7456.read.1.tlog
D:\Project\AIR_SCANER\osgPC\osgPC\Debug\link.7456.write.1.tlog
D:\Project\AIR_SCANER\osgPC\osgPC\Debug\link.7456-cvtres.read.1.tlog
D:\Project\AIR_SCANER\osgPC\osgPC\Debug\link.7456-cvtres.write.1.tlog
D:\Project\AIR_SCANER\osgPC\osgPC\Debug\link.8328.read.1.tlog
D:\Project\AIR_SCANER\osgPC\osgPC\Debug\link.8328.write.1.tlog
D:\Project\AIR_SCANER\osgPC\osgPC\Debug\link.8328-cvtres.read.1.tlog
D:\Project\AIR_SCANER\osgPC\osgPC\Debug\link.8328-cvtres.write.1.tlog
D:\Project\AIR_SCANER\osgPC\osgPC\Debug\link.command.1.tlog
D:\Project\AIR_SCANER\osgPC\osgPC\Debug\link.read.1.tlog
D:\Project\AIR_SCANER\osgPC\osgPC\Debug\link.write.1.tlog
D:\Project\AIR_SCANER\osgPC\osgPC\Debug\link-cvtres.read.1.tlog
D:\Project\AIR_SCANER\osgPC\osgPC\Debug\link-cvtres.write.1.tlog
D:\Project\AIR_SCANER\osgPC\osgPC\Debug\mt.command.1.tlog
D:\Project\AIR_SCANER\osgPC\osgPC\Debug\mt.read.1.tlog
D:\Project\AIR_SCANER\osgPC\osgPC\Debug\mt.write.1.tlog
D:\Project\AIR_SCANER\osgPC\osgPC\Debug\osgPC.vcxprojResolveAssemblyReference.cache
D:\Project\AIR_SCANER\osgPC\osgPC\Debug\osgPC.write.1.tlog
D:\Project\AIR_SCANER\osgPC\osgPC\Debug\osgPCd.dll.embed.manifest
D:\Project\AIR_SCANER\osgPC\osgPC\Debug\osgPCd.dll.embed.manifest.res
D:\Project\AIR_SCANER\osgPC\osgPC\Debug\osgPCd.dll.intermediate.manifest
D:\PROJECT\AIR_SCANER\OSGPC\OSGPC\DEBUG\OSGPCD.PCH
D:\Project\AIR_SCANER\osgPC\osgPC\Debug\osgPCd_manifest.rc
D:\PROJECT\AIR_SCANER\OSGPC\OSGPC\DEBUG\POINTCLOUDDRAWABLE.OBJ
D:\Project\AIR_SCANER\osgPC\osgPC\Debug\rc.command.1.tlog
D:\Project\AIR_SCANER\osgPC\osgPC\Debug\rc.read.1.tlog
D:\Project\AIR_SCANER\osgPC\osgPC\Debug\rc.write.1.tlog
D:\PROJECT\AIR_SCANER\OSGPC\OSGPC\DEBUG\STDAFX.OBJ
D:\PROJECT\AIR_SCANER\OSGPC\OSGPC\DEBUG\SWITCHNODEVISITOR.OBJ
D:\PROJECT\AIR_SCANER\OSGPC\OSGPC\DEBUG\UTILITY.OBJ
D:\Project\AIR_SCANER\osgPC\osgPC\Debug\vc100.idb
D:\PROJECT\AIR_SCANER\OSGPC\OSGPC\DEBUG\VC100.PDB
E:\DEV\LABS\POINTCLOUD\OSGPC\DEBUG\OSGPCD.DLL
E:\Dev\Labs\pointcloud\osgPC\Debug\osgPCd.exp
E:\DEV\LABS\POINTCLOUD\OSGPC\DEBUG\OSGPCD.ILK
E:\Dev\Labs\pointcloud\osgPC\Debug\osgPCd.lib
E:\DEV\LABS\POINTCLOUD\OSGPC\DEBUG\OSGPCD.PDB
E:\DEV\LABS\POINTCLOUD\OSGPC\OSGPC\DEBUG\DISPLAYMODENODEVISITOR.OBJ
E:\DEV\LABS\POINTCLOUD\OSGPC\OSGPC\DEBUG\DLLMAIN.OBJ
E:\DEV\LABS\POINTCLOUD\OSGPC\OSGPC\DEBUG\OSGPCD.DLL.EMBED.MANIFEST
E:\DEV\LABS\POINTCLOUD\OSGPC\OSGPC\DEBUG\OSGPCD.DLL.EMBED.MANIFEST.RES
E:\DEV\LABS\POINTCLOUD\OSGPC\OSGPC\DEBUG\OSGPCD.DLL.INTERMEDIATE.MANIFEST
E:\DEV\LABS\POINTCLOUD\OSGPC\OSGPC\DEBUG\OSGPCD.PCH
E:\DEV\LABS\POINTCLOUD\OSGPC\OSGPC\DEBUG\POINTCLOUDDRAWABLE.OBJ
E:\DEV\LABS\POINTCLOUD\OSGPC\OSGPC\DEBUG\POINTCLOUDPROTOCAL.OBJ
E:\DEV\LABS\POINTCLOUD\OSGPC\OSGPC\DEBUG\STDAFX.OBJ
E:\DEV\LABS\POINTCLOUD\OSGPC\OSGPC\DEBUG\SWITCHNODEVISITOR.OBJ
E:\DEV\LABS\POINTCLOUD\OSGPC\OSGPC\DEBUG\UTILITY.OBJ
E:\DEV\LABS\POINTCLOUD\OSGPC\OSGPC\DEBUG\VC100.PDB
